252812 11:59:20 access("/etc/ld.so.preload", R_OK) = -1 ENOENT (No such file or directory) <0.000046>
252812 11:59:20 open("/usr/local/cpanel/3rdparty/perl/528/lib/perl5/5.28.0/x86_64-linux-64int/CORE/tls/x86_64/libperl.so", O_RDONLY) = -1 ENOENT (No such file or directory) <0.000095>
252812 11:59:20 open("/usr/local/cpanel/3rdparty/perl/528/lib/perl5/5.28.0/x86_64-linux-64int/CORE/tls/libperl.so", O_RDONLY) = -1 ENOENT (No such file or directory) <0.000099>
252812 11:59:20 open("/usr/local/cpanel/3rdparty/perl/528/lib/perl5/5.28.0/x86_64-linux-64int/CORE/x86_64/libperl.so", O_RDONLY) = -1 ENOENT (No such file or directory) <0.000038>
252812 11:59:20 open("/usr/local/cpanel/3rdparty/perl/528/lib/perl5/5.28.0/x86_64-linux-64int/CORE/libperl.so", O_RDONLY) = 3 <0.000044>
252812 11:59:20 open("/usr/local/cpanel/3rdparty/perl/528/lib/perl5/5.28.0/x86_64-linux-64int/CORE/libpthread.so.0", O_RDONLY) = -1 ENOENT (No such file or directory) <0.000079>
252812 11:59:20 open("/etc/ld.so.cache", O_RDONLY) = 3 <0.000027>
252812 11:59:20 open("/lib64/libpthread.so.0", O_RDONLY) = 3 <0.000029>
252812 11:59:20 open("/usr/local/cpanel/3rdparty/perl/528/lib/perl5/5.28.0/x86_64-linux-64int/CORE/libnsl.so.1", O_RDONLY) = -1 ENOENT (No such file or directory) <0.000039>
252812 11:59:20 open("/lib64/libnsl.so.1", O_RDONLY) = 3 <0.000033>
252812 11:59:20 open("/usr/local/cpanel/3rdparty/perl/528/lib/perl5/5.28.0/x86_64-linux-64int/CORE/libdl.so.2", O_RDONLY) = -1 ENOENT (No such file or directory) <0.000030>
252812 11:59:20 open("/lib64/libdl.so.2", O_RDONLY) = 3 <0.000025>
252812 11:59:20 open("/usr/local/cpanel/3rdparty/perl/528/lib/perl5/5.28.0/x86_64-linux-64int/CORE/libm.so.6", O_RDONLY) = -1 ENOENT (No such file or directory) <0.000040>
252812 11:59:20 open("/lib64/libm.so.6", O_RDONLY) = 3 <0.000043>
252812 11:59:20 open("/usr/local/cpanel/3rdparty/perl/528/lib/perl5/5.28.0/x86_64-linux-64int/CORE/libcrypt.so.1", O_RDONLY) = -1 ENOENT (No such file or directory) <0.000039>
252812 11:59:20 open("/lib64/libcrypt.so.1", O_RDONLY) = 3 <0.000029>
252812 11:59:20 open("/usr/local/cpanel/3rdparty/perl/528/lib/perl5/5.28.0/x86_64-linux-64int/CORE/libutil.so.1", O_RDONLY) = -1 ENOENT (No such file or directory) <0.000031>
252812 11:59:20 open("/lib64/libutil.so.1", O_RDONLY) = 3 <0.000030>
252812 11:59:20 open("/usr/local/cpanel/3rdparty/perl/528/lib/perl5/5.28.0/x86_64-linux-64int/CORE/libc.so.6", O_RDONLY) = -1 ENOENT (No such file or directory) <0.000040>
252812 11:59:20 open("/lib64/libc.so.6", O_RDONLY) = 3 <0.000026>
252812 11:59:20 open("/usr/local/cpanel/3rdparty/perl/528/lib/perl5/5.28.0/x86_64-linux-64int/CORE/libfreebl3.so", O_RDONLY) = -1 ENOENT (No such file or directory) <0.000037>
252812 11:59:20 open("/lib64/libfreebl3.so", O_RDONLY) = 3 <0.000025>
252812 11:59:20 open("/dev/urandom", O_RDONLY|O_CLOEXEC) = 3 <0.000036>
252812 11:59:20 open("/usr/lib/locale/locale-archive", O_RDONLY) = 3 <0.000046>
252812 11:59:20 open("/usr/bin/php", O_RDONLY|O_CLOEXEC) = 3 <0.000032>
252812 11:59:20 open("/usr/local/cpanel/3rdparty/perl/528/lib/perl5/5.28.0/strict.pm", O_RDONLY|O_CLOEXEC) = 4 <0.000049>
252812 11:59:20 open("/usr/local/cpanel/3rdparty/perl/528/lib/perl5/5.28.0/warnings.pm", O_RDONLY|O_CLOEXEC) = 4 <0.000043>
252812 11:59:20 open("/var/cpanel/ea4/ea_php_cli.pm", O_RDONLY|O_CLOEXEC) = 4 <0.000064>
252812 11:59:20 sendto(3, "\2\0\0\0\v\0\0\0\7\0\0\0passwd\0", 19, MSG_NOSIGNAL, NULL, 0) = 19 <0.000038>
252812 11:59:20 open("/usr/local/cpanel/Cpanel/PHP/Config.pm", O_RDONLY|O_CLOEXEC) = 3 <0.000020>
252812 11:59:20 open("/usr/local/cpanel/Cpanel/LoadModule.pm", O_RDONLY|O_CLOEXEC) = 4 <0.000019>
252812 11:59:20 open("/usr/local/cpanel/Cpanel/Exception.pm", O_RDONLY|O_CLOEXEC) = 5 <0.000019>
252812 11:59:20 open("/usr/local/cpanel/Cpanel/LoadModule/Utils.pm", O_RDONLY|O_CLOEXEC) = 5 <0.000029>
252812 11:59:20 open("/usr/local/cpanel/Cpanel/PwCache.pm", O_RDONLY|O_CLOEXEC) = 4 <0.000026>
252812 11:59:20 open("/usr/local/cpanel/Cpanel/Debug.pm", O_RDONLY|O_CLOEXEC) = 5 <0.000034>
252812 11:59:20 open("/usr/local/cpanel/Cpanel/NSCD/Check.pm", O_RDONLY|O_CLOEXEC) = 5 <0.000042>
252812 11:59:20 open("/usr/local/cpanel/Cpanel/NSCD/Constants.pm", O_RDONLY|O_CLOEXEC) = 6 <0.000021>
252812 11:59:20 open("/usr/local/cpanel/Cpanel/Socket/UNIX/Micro.pm", O_RDONLY|O_CLOEXEC) = 6 <0.000024>
252812 11:59:20 open("/usr/local/cpanel/Cpanel/PwCache/Helpers.pm", O_RDONLY|O_CLOEXEC) = 5 <0.000020>
252812 11:59:20 open("/usr/local/cpanel/Cpanel/PwCache/Cache.pm", O_RDONLY|O_CLOEXEC) = 5 <0.000022>
252812 11:59:20 open("/usr/local/cpanel/3rdparty/perl/528/lib/perl5/5.28.0/constant.pm", O_RDONLY|O_CLOEXEC) = 6 <0.000031>
252812 11:59:20 open("/usr/local/cpanel/3rdparty/perl/528/lib/perl5/5.28.0/warnings/register.pm", O_RDONLY|O_CLOEXEC) = 7 <0.000031>
252812 11:59:20 open("/usr/local/cpanel/Cpanel/PwCache/Find.pm", O_RDONLY|O_CLOEXEC) = 5 <0.000025>
252812 11:59:20 open("/usr/local/cpanel/Cpanel/LoadFile/ReadFast.pm", O_RDONLY|O_CLOEXEC) = 6 <0.000032>
252812 11:59:20 open("/usr/local/cpanel/Cpanel/PwCache/Build.pm", O_RDONLY|O_CLOEXEC) = 4 <0.000027>
252812 11:59:20 open("/usr/local/cpanel/Cpanel/JSON/FailOK.pm", O_RDONLY|O_CLOEXEC) = 5 <0.000026>
252812 11:59:20 open("/usr/local/cpanel/Cpanel/FileUtils/Write/JSON/Lazy.pm", O_RDONLY|O_CLOEXEC) = 5 <0.000026>
252812 11:59:20 open("/usr/local/cpanel/Cpanel/PHPFPM/Constants.pm", O_RDONLY|O_CLOEXEC) = 4 <0.000026>
252812 11:59:20 open("/usr/local/cpanel/Cpanel/Config/userdata/Cache.pm", O_RDONLY|O_CLOEXEC) = 4 <0.000025>
252812 11:59:20 open("/usr/local/cpanel/Cpanel/Config/userdata/Constants.pm", O_RDONLY|O_CLOEXEC) = 5 <0.000023>
252812 11:59:20 open("/usr/local/cpanel/Cpanel/AdminBin/Serializer.pm", O_RDONLY|O_CLOEXEC) = 5 <0.000022>
252812 11:59:20 open("/usr/local/cpanel/Cpanel/JSON.pm", O_RDONLY|O_CLOEXEC) = 6 <0.000023>
252812 11:59:20 open("/usr/local/cpanel/Cpanel/Fcntl/Constants.pm", O_RDONLY|O_CLOEXEC) = 7 <0.000021>
252812 11:59:20 open("/usr/local/cpanel/Cpanel/FHUtils/Tiny.pm", O_RDONLY|O_CLOEXEC) = 7 <0.000022>
252812 11:59:20 open("/usr/local/cpanel/3rdparty/perl/528/lib/perl5/cpanel_lib/x86_64-linux-64int/JSON/XS.pm", O_RDONLY|O_CLOEXEC) = 7 <0.000020>
252812 11:59:20 open("/usr/local/cpanel/3rdparty/perl/528/lib/perl5/5.28.0/Exporter.pm", O_RDONLY|O_CLOEXEC) = 8 <0.000020>
252812 11:59:20 open("/usr/local/cpanel/3rdparty/perl/528/lib/perl5/5.28.0/XSLoader.pm", O_RDONLY|O_CLOEXEC) = 8 <0.000026>
252812 11:59:20 open("/usr/local/cpanel/3rdparty/perl/528/lib/perl5/cpanel_lib/Types/Serialiser.pm", O_RDONLY|O_CLOEXEC) = 8 <0.000023>
252812 11:59:20 open("/usr/local/cpanel/3rdparty/perl/528/lib/perl5/cpanel_lib/x86_64-linux-64int/common/sense.pm", O_RDONLY|O_CLOEXEC) = 9 <0.000021>
252812 11:59:20 open("/usr/local/cpanel/3rdparty/perl/528/lib/perl5/5.28.0/overload.pm", O_RDONLY|O_CLOEXEC) = 9 <0.000021>
252812 11:59:20 open("/usr/local/cpanel/3rdparty/perl/528/lib/perl5/5.28.0/overloading.pm", O_RDONLY|O_CLOEXEC) = 10 <0.000020>
252812 11:59:20 open("/usr/local/cpanel/3rdparty/perl/528/lib/perl5/cpanel_lib/x86_64-linux-64int/auto/JSON/XS/XS.so", O_RDONLY) = 7 <0.000026>
252812 11:59:20 open("/usr/local/cpanel/3rdparty/perl/528/lib/perl5/5.28.0/x86_64-linux-64int/attributes.pm", O_RDONLY|O_CLOEXEC) = 7 <0.000023>
252812 11:59:20 open("/usr/local/cpanel/3rdparty/perl/528/lib/perl5/5.28.0/x86_64-linux-64int/auto/attributes/attributes.so", O_RDONLY) = 7 <0.000028>
252812 11:59:20 open("/usr/local/cpanel/Cpanel/UTF8/Strict.pm", O_RDONLY|O_CLOEXEC) = 7 <0.000027>
252812 11:59:20 open("/usr/local/cpanel/Cpanel/Encoder/ASCII.pm", O_RDONLY|O_CLOEXEC) = 8 <0.000026>
252812 11:59:20 open("/usr/local/cpanel/Cpanel/AdminBin/Serializer/FailOK.pm", O_RDONLY|O_CLOEXEC) = 5 <0.000028>
252812 11:59:20 open("/usr/local/cpanel/Cpanel/CachedDataStore.pm", O_RDONLY|O_CLOEXEC) = 4 <0.000022>
252812 11:59:20 open("/usr/local/cpanel/3rdparty/perl/528/lib/perl5/cpanel_lib/Try/Tiny.pm", O_RDONLY|O_CLOEXEC) = 5 <0.000027>
252812 11:59:20 open("/usr/local/cpanel/Cpanel/Fcntl.pm", O_RDONLY|O_CLOEXEC) = 5 <0.000030>
252812 11:59:20 open("/usr/local/cpanel/Cpanel/Config/Httpd/EA4.pm", O_RDONLY|O_CLOEXEC) = 4 <0.000023>
252812 11:59:20 open("/usr/local/cpanel/Cpanel/Autodie/More/Lite.pm", O_RDONLY|O_CLOEXEC) = 5 <0.000021>
252812 11:59:20 open("/usr/local/cpanel/3rdparty/perl/528/lib/perl5/5.28.0/File/Basename.pm", O_RDONLY|O_CLOEXEC) = 4 <0.000022>
252812 11:59:20 open("/var/cpanel/userdata/gz89f3do/cache.json", O_RDONLY|O_CLOEXEC) = 3 <0.000035>
252812 11:59:20 open("/etc/cpanel/ea4/php.conf.cache", O_RDONLY) = 3 <0.000028>
252812 11:59:20 open("/usr/local/cpanel/3rdparty/perl/528/lib/perl5/cpanel_lib/File/Path/Tiny.pm", O_RDONLY|O_CLOEXEC) = 3 <0.000020>
252812 11:59:20 open("/usr/local/cpanel/3rdparty/perl/528/lib/perl5/cpanel_lib/x86_64-linux-64int/Cwd.pm", O_RDONLY|O_CLOEXEC) = 4 <0.000019>
252812 11:59:20 open("/usr/local/cpanel/3rdparty/perl/528/lib/perl5/cpanel_lib/x86_64-linux-64int/auto/Cwd/Cwd.so", O_RDONLY) = 4 <0.000042>
252812 11:59:20 open("/usr/local/cpanel/3rdparty/perl/528/lib/perl5/5.28.0/Carp.pm", O_RDONLY|O_CLOEXEC) = 4 <0.000024>
252812 11:59:20 open("/usr/local/cpanel/3rdparty/perl/528/lib/perl5/cpanel_lib/x86_64-linux-64int/File/Spec.pm", O_RDONLY|O_CLOEXEC) = 3 <0.000027>
252812 11:59:20 open("/usr/local/cpanel/3rdparty/perl/528/lib/perl5/cpanel_lib/x86_64-linux-64int/File/Spec/Unix.pm", O_RDONLY|O_CLOEXEC) = 3 <0.000027>
252812 11:59:20 open("/usr/local/cpanel/Cpanel/SysPkgs/SCL.pm", O_RDONLY|O_CLOEXEC) = 3 <0.000024>
252812 11:59:20 open("/usr/local/cpanel/Cpanel/SafeDir/Read.pm", O_RDONLY|O_CLOEXEC) = 4 <0.000052>
252812 11:59:20 open("/etc/scl/prefixes/eig-php56", O_RDONLY|O_CLOEXEC) = 3 <0.000071>
252812 11:59:20 access("/etc/ld.so.preload", R_OK) = -1 ENOENT (No such file or directory) <0.000028>
252812 11:59:20 open("/usr/local/lib64/tls/x86_64/libcrypt.so.1", O_RDONLY) = -1 ENOENT (No such file or directory) <0.000022>
252812 11:59:20 open("/usr/local/lib64/tls/libcrypt.so.1", O_RDONLY) = -1 ENOENT (No such file or directory) <0.000022>
252812 11:59:20 open("/usr/local/lib64/x86_64/libcrypt.so.1", O_RDONLY) = -1 ENOENT (No such file or directory) <0.000022>
252812 11:59:20 open("/usr/local/lib64/libcrypt.so.1", O_RDONLY) = -1 ENOENT (No such file or directory) <0.000022>
252812 11:59:20 open("/etc/ld.so.cache", O_RDONLY) = 3 <0.000031>
252812 11:59:20 open("/lib64/libcrypt.so.1", O_RDONLY) = 3 <0.000027>
252812 11:59:20 open("/usr/local/lib64/libc-client.so.2007", O_RDONLY) = -1 ENOENT (No such file or directory) <0.000022>
252812 11:59:20 open("/usr/lib64/libc-client.so.2007", O_RDONLY) = 3 <0.000029>
252812 11:59:20 open("/usr/local/lib64/libz.so.1", O_RDONLY) = -1 ENOENT (No such file or directory) <0.000023>
252812 11:59:20 open("/lib64/libz.so.1", O_RDONLY) = 3 <0.000027>
252812 11:59:20 open("/usr/local/lib64/libexslt.so.0", O_RDONLY) = -1 ENOENT (No such file or directory) <0.000023>
252812 11:59:20 open("/usr/lib64/libexslt.so.0", O_RDONLY) = 3 <0.000034>
252812 11:59:20 open("/usr/local/lib64/libtidy-0.99.so.0", O_RDONLY) = -1 ENOENT (No such file or directory) <0.000024>
252812 11:59:20 open("/usr/lib64/libtidy-0.99.so.0", O_RDONLY) = 3 <0.000038>
252812 11:59:20 open("/usr/local/lib64/libaspell.so.15", O_RDONLY) = -1 ENOENT (No such file or directory) <0.000023>
252812 11:59:20 open("/usr/lib64/libaspell.so.15", O_RDONLY) = 3 <0.000028>
252812 11:59:20 open("/usr/local/lib64/libpspell.so.15", O_RDONLY) = -1 ENOENT (No such file or directory) <0.000067>
252812 11:59:20 open("/usr/lib64/libpspell.so.15", O_RDONLY) = 3 <0.000019>
252812 11:59:20 open("/usr/local/lib64/librt.so.1", O_RDONLY) = -1 ENOENT (No such file or directory) <0.000022>
252812 11:59:20 open("/lib64/librt.so.1", O_RDONLY) = 3 <0.000022>
252812 11:59:20 open("/usr/local/lib64/libperconaserverclient.so.18", O_RDONLY) = -1 ENOENT (No such file or directory) <0.000026>
252812 11:59:20 open("/usr/lib64/libperconaserverclient.so.18", O_RDONLY) = 3 <0.000028>
252812 11:59:20 open("/usr/local/lib64/libsybdb.so.5", O_RDONLY) = -1 ENOENT (No such file or directory) <0.000022>
252812 11:59:20 open("/usr/lib64/libsybdb.so.5", O_RDONLY) = 3 <0.000029>
252812 11:59:20 open("/usr/local/lib64/libmcrypt.so.4", O_RDONLY) = -1 ENOENT (No such file or directory) <0.000028>
252812 11:59:20 open("/usr/lib64/libmcrypt.so.4", O_RDONLY) = 3 <0.000049>
252812 11:59:20 open("/usr/local/lib64/libstdc++.so.6", O_RDONLY) = -1 ENOENT (No such file or directory) <0.000022>
252812 11:59:20 open("/usr/lib64/libstdc++.so.6", O_RDONLY) = 3 <0.000027>
252812 11:59:20 open("/usr/local/lib64/libgmp.so.3", O_RDONLY) = -1 ENOENT (No such file or directory) <0.000023>
252812 11:59:20 open("/usr/lib64/libgmp.so.3", O_RDONLY) = 3 <0.000027>
252812 11:59:20 open("/usr/local/lib64/libpng12.so.0", O_RDONLY) = -1 ENOENT (No such file or directory) <0.000022>
252812 11:59:20 open("/usr/lib64/libpng12.so.0", O_RDONLY) = 3 <0.000027>
252812 11:59:20 open("/usr/local/lib64/libjpeg.so.62", O_RDONLY) = -1 ENOENT (No such file or directory) <0.000023>
252812 11:59:20 open("/usr/lib64/libjpeg.so.62", O_RDONLY) = 3 <0.000023>
252812 11:59:20 open("/usr/local/lib64/libcurl.so.4", O_RDONLY) = -1 ENOENT (No such file or directory) <0.000022>
252812 11:59:20 open("/usr/lib64/libcurl.so.4", O_RDONLY) = 3 <0.000027>
252812 11:59:20 open("/usr/local/lib64/libbz2.so.1", O_RDONLY) = -1 ENOENT (No such file or directory) <0.000021>
252812 11:59:20 open("/lib64/libbz2.so.1", O_RDONLY) = 3 <0.000026>
252812 11:59:20 open("/usr/local/lib64/libm.so.6", O_RDONLY) = -1 ENOENT (No such file or directory) <0.000037>
252812 11:59:20 open("/lib64/libm.so.6", O_RDONLY) = 3 <0.000029>
252812 11:59:20 open("/usr/local/lib64/libdl.so.2", O_RDONLY) = -1 ENOENT (No such file or directory) <0.000021>
252812 11:59:20 open("/lib64/libdl.so.2", O_RDONLY) = 3 <0.000025>
252812 11:59:20 open("/usr/local/lib64/libnsl.so.1", O_RDONLY) = -1 ENOENT (No such file or directory) <0.000021>
252812 11:59:20 open("/lib64/libnsl.so.1", O_RDONLY) = 3 <0.000027>
252812 11:59:20 open("/usr/local/lib64/libxml2.so.2", O_RDONLY) = -1 ENOENT (No such file or directory) <0.000022>
252812 11:59:20 open("/usr/lib64/libxml2.so.2", O_RDONLY) = 3 <0.000028>
252812 11:59:20 open("/usr/local/lib64/libgssapi_krb5.so.2", O_RDONLY) = -1 ENOENT (No such file or directory) <0.000027>
252812 11:59:20 open("/lib64/libgssapi_krb5.so.2", O_RDONLY) = 3 <0.000026>
252812 11:59:20 open("/usr/local/lib64/libkrb5.so.3", O_RDONLY) = -1 ENOENT (No such file or directory) <0.000021>
252812 11:59:20 open("/lib64/libkrb5.so.3", O_RDONLY) = 3 <0.000027>
252812 11:59:20 open("/usr/local/lib64/libk5crypto.so.3", O_RDONLY) = -1 ENOENT (No such file or directory) <0.000021>
252812 11:59:20 open("/lib64/libk5crypto.so.3", O_RDONLY) = 3 <0.000021>
252812 11:59:20 open("/usr/local/lib64/libcom_err.so.2", O_RDONLY) = -1 ENOENT (No such file or directory) <0.000023>
252812 11:59:20 open("/lib64/libcom_err.so.2", O_RDONLY) = 3 <0.000028>
252812 11:59:20 open("/usr/local/lib64/libssl.so.10", O_RDONLY) = -1 ENOENT (No such file or directory) <0.000021>
252812 11:59:20 open("/usr/lib64/libssl.so.10", O_RDONLY) = 3 <0.000023>
252812 11:59:20 open("/usr/local/lib64/libcrypto.so.10", O_RDONLY) = -1 ENOENT (No such file or directory) <0.000022>
252812 11:59:20 open("/usr/lib64/libcrypto.so.10", O_RDONLY) = 3 <0.000030>
252812 11:59:20 open("/usr/local/lib64/libfreetype.so.6", O_RDONLY) = -1 ENOENT (No such file or directory) <0.000030>
252812 11:59:20 open("/usr/lib64/libfreetype.so.6", O_RDONLY) = 3 <0.000028>
252812 11:59:20 open("/usr/local/lib64/libicui18n.so.42", O_RDONLY) = -1 ENOENT (No such file or directory) <0.000021>
252812 11:59:20 open("/usr/lib64/libicui18n.so.42", O_RDONLY) = 3 <0.000027>
252812 11:59:20 open("/usr/local/lib64/libicuuc.so.42", O_RDONLY) = -1 ENOENT (No such file or directory) <0.000021>
252812 11:59:20 open("/usr/lib64/libicuuc.so.42", O_RDONLY) = 3 <0.000027>
252812 11:59:20 open("/usr/local/lib64/libicudata.so.42", O_RDONLY) = -1 ENOENT (No such file or directory) <0.000023>
252812 11:59:20 open("/usr/lib64/libicudata.so.42", O_RDONLY) = 3 <0.000022>
252812 11:59:20 open("/usr/local/lib64/libicuio.so.42", O_RDONLY) = -1 ENOENT (No such file or directory) <0.000024>
252812 11:59:20 open("/usr/lib64/libicuio.so.42", O_RDONLY) = 3 <0.000065>
252812 11:59:20 open("/usr/local/lib64/libodbc.so.2", O_RDONLY) = -1 ENOENT (No such file or directory) <0.000024>
252812 11:59:20 open("/usr/lib64/libodbc.so.2", O_RDONLY) = 3 <0.000022>
252812 11:59:20 open("/usr/local/lib64/libxslt.so.1", O_RDONLY) = -1 ENOENT (No such file or directory) <0.000022>
252812 11:59:20 open("/usr/lib64/libxslt.so.1", O_RDONLY) = 3 <0.000022>
252812 11:59:20 open("/usr/local/lib64/libgcc_s.so.1", O_RDONLY) = -1 ENOENT (No such file or directory) <0.000024>
252812 11:59:20 open("/lib64/libgcc_s.so.1", O_RDONLY) = 3 <0.000024>
252812 11:59:20 open("/usr/local/lib64/libc.so.6", O_RDONLY) = -1 ENOENT (No such file or directory) <0.000025>
252812 11:59:20 open("/lib64/libc.so.6", O_RDONLY) = 3 <0.000034>
252812 11:59:20 open("/usr/local/lib64/libresolv.so.2", O_RDONLY) = -1 ENOENT (No such file or directory) <0.000022>
252812 11:59:20 open("/lib64/libresolv.so.2", O_RDONLY) = 3 <0.000021>
252812 11:59:20 open("/usr/local/lib64/libfreebl3.so", O_RDONLY) = -1 ENOENT (No such file or directory) <0.000024>
252812 11:59:20 open("/lib64/libfreebl3.so", O_RDONLY) = 3 <0.000023>
252812 11:59:20 open("/usr/local/lib64/libpam.so.0", O_RDONLY) = -1 ENOENT (No such file or directory) <0.000021>
252812 11:59:20 open("/lib64/libpam.so.0", O_RDONLY) = 3 <0.000021>
252812 11:59:20 open("/usr/local/lib64/libgcrypt.so.11", O_RDONLY) = -1 ENOENT (No such file or directory) <0.000021>
252812 11:59:20 open("/lib64/libgcrypt.so.11", O_RDONLY) = 3 <0.000021>
252812 11:59:20 open("/usr/local/lib64/libgpg-error.so.0", O_RDONLY) = -1 ENOENT (No such file or directory) <0.000027>
252812 11:59:20 open("/lib64/libgpg-error.so.0", O_RDONLY) = 3 <0.000022>
252812 11:59:20 open("/usr/local/lib64/libpthread.so.0", O_RDONLY) = -1 ENOENT (No such file or directory) <0.000022>
252812 11:59:20 open("/lib64/libpthread.so.0", O_RDONLY) = 3 <0.000028>
252812 11:59:20 open("/usr/local/lib64/libgnutls.so.26", O_RDONLY) = -1 ENOENT (No such file or directory) <0.000021>
252812 11:59:20 open("/usr/lib64/libgnutls.so.26", O_RDONLY) = 3 <0.000028>
252812 11:59:20 open("/usr/local/lib64/libidn.so.11", O_RDONLY) = -1 ENOENT (No such file or directory) <0.000021>
252812 11:59:20 open("/lib64/libidn.so.11", O_RDONLY) = 3 <0.000027>
252812 11:59:20 open("/usr/local/lib64/libldap-2.4.so.2", O_RDONLY) = -1 ENOENT (No such file or directory) <0.000022>
252812 11:59:20 open("/lib64/libldap-2.4.so.2", O_RDONLY) = 3 <0.000027>
252812 11:59:20 open("/usr/local/lib64/libssl3.so", O_RDONLY) = -1 ENOENT (No such file or directory) <0.000027>
252812 11:59:20 open("/usr/lib64/libssl3.so", O_RDONLY) = 3 <0.000021>
252812 11:59:20 open("/usr/local/lib64/libsmime3.so", O_RDONLY) = -1 ENOENT (No such file or directory) <0.000021>
252812 11:59:20 open("/usr/lib64/libsmime3.so", O_RDONLY) = 3 <0.000022>
252812 11:59:20 open("/usr/local/lib64/libnss3.so", O_RDONLY) = -1 ENOENT (No such file or directory) <0.000021>
252812 11:59:20 open("/usr/lib64/libnss3.so", O_RDONLY) = 3 <0.000022>
252812 11:59:20 open("/usr/local/lib64/libnssutil3.so", O_RDONLY) = -1 ENOENT (No such file or directory) <0.000021>
252812 11:59:20 open("/usr/lib64/libnssutil3.so", O_RDONLY) = 3 <0.000020>
252812 11:59:20 open("/usr/local/lib64/libplds4.so", O_RDONLY) = -1 ENOENT (No such file or directory) <0.000022>
252812 11:59:20 open("/lib64/libplds4.so", O_RDONLY) = 3 <0.000031>
252812 11:59:20 open("/usr/local/lib64/libplc4.so", O_RDONLY) = -1 ENOENT (No such file or directory) <0.000023>
252812 11:59:20 open("/lib64/libplc4.so", O_RDONLY) = 3 <0.000021>
252812 11:59:20 open("/usr/local/lib64/libnspr4.so", O_RDONLY) = -1 ENOENT (No such file or directory) <0.000022>
252812 11:59:20 open("/lib64/libnspr4.so", O_RDONLY) = 3 <0.000032>
252812 11:59:20 open("/usr/local/lib64/libssh2.so.1", O_RDONLY) = -1 ENOENT (No such file or directory) <0.000021>
252812 11:59:20 open("/usr/lib64/libssh2.so.1", O_RDONLY) = 3 <0.000028>
252812 11:59:20 open("/usr/local/lib64/libkrb5support.so.0", O_RDONLY) = -1 ENOENT (No such file or directory) <0.000027>
252812 11:59:20 open("/lib64/libkrb5support.so.0", O_RDONLY) = 3 <0.000027>
252812 11:59:20 open("/usr/local/lib64/libkeyutils.so.1", O_RDONLY) = -1 ENOENT (No such file or directory) <0.000025>
252812 11:59:20 open("/lib64/libkeyutils.so.1", O_RDONLY) = 3 <0.000027>
252812 11:59:20 open("/usr/local/lib64/libltdl.so.7", O_RDONLY) = -1 ENOENT (No such file or directory) <0.000024>
252812 11:59:20 open("/usr/lib64/libltdl.so.7", O_RDONLY) = 3 <0.000029>
252812 11:59:20 open("/usr/local/lib64/libaudit.so.1", O_RDONLY) = -1 ENOENT (No such file or directory) <0.000021>
252812 11:59:20 open("/lib64/libaudit.so.1", O_RDONLY) = 3 <0.000025>
252812 11:59:20 open("/usr/local/lib64/libtasn1.so.3", O_RDONLY) = -1 ENOENT (No such file or directory) <0.000022>
252812 11:59:20 open("/usr/lib64/libtasn1.so.3", O_RDONLY) = 3 <0.000026>
252812 11:59:20 open("/usr/local/lib64/liblber-2.4.so.2", O_RDONLY) = -1 ENOENT (No such file or directory) <0.000020>
252812 11:59:20 open("/lib64/liblber-2.4.so.2", O_RDONLY) = 3 <0.000020>
252812 11:59:20 open("/usr/local/lib64/libsasl2.so.2", O_RDONLY) = -1 ENOENT (No such file or directory) <0.000020>
252812 11:59:20 open("/usr/lib64/libsasl2.so.2", O_RDONLY) = 3 <0.000020>
252812 11:59:20 open("/usr/local/lib64/libselinux.so.1", O_RDONLY) = -1 ENOENT (No such file or directory) <0.000022>
252812 11:59:20 open("/lib64/libselinux.so.1", O_RDONLY) = 3 <0.000019>
252812 11:59:20 open("/proc/filesystems", O_RDONLY) = 3 <0.000038>
252812 11:59:20 open("/etc/pki/tls/legacy-settings", O_RDONLY) = -1 ENOENT (No such file or directory) <0.000027>
252812 11:59:20 access("/usr/share/dracut/modules.d/01fips", F_OK) = -1 ENOENT (No such file or directory) <0.000026>
252812 11:59:20 open("/etc/pki/tls/legacy-settings", O_RDONLY) = -1 ENOENT (No such file or directory) <0.000018>
252812 11:59:20 open("/usr/lib/locale/locale-archive", O_RDONLY) = 3 <0.000028>
252812 11:59:20 open("/etc/localtime", O_RDONLY) = 3 <0.000022>
252812 11:59:20 access("/opt/php56/bin/php-cgi", X_OK) = 0 <0.000018>
252812 11:59:20 open("./php-cgi-fcgi.ini", O_RDONLY) = -1 ENOENT (No such file or directory) <0.000029>
252812 11:59:20 open("/opt/php56/bin/php-cgi-fcgi.ini", O_RDONLY) = -1 ENOENT (No such file or directory) <0.000018>
252812 11:59:20 open("/opt/php56/lib/php-cgi-fcgi.ini", O_RDONLY) = -1 ENOENT (No such file or directory) <0.000018>
252812 11:59:20 open("./php.ini", O_RDONLY) = -1 ENOENT (No such file or directory) <0.000021>
252812 11:59:20 open("/opt/php56/bin/php.ini", O_RDONLY) = -1 ENOENT (No such file or directory) <0.000016>
252812 11:59:20 open("/opt/php56/lib/php.ini", O_RDONLY) = 3 <0.000019>
252812 11:59:20 open("/opt/ioncube/ioncube_loader_lin_5.6.so", O_RDONLY) = 3 <0.000027>
252812 11:59:20 open("/opt/php56/lib/php/extensions/no-debug-non-zts-20131226/ZendGuardLoader.so", O_RDONLY) = 3 <0.000037>
252812 11:59:20 open("/opt/php56/lib/php/extensions/no-debug-non-zts-20131226/imagick.so", O_RDONLY) = 3 <0.000043>
252812 11:59:20 open("/usr/local/lib64/libMagickWand.so.5", O_RDONLY) = -1 ENOENT (No such file or directory) <0.000033>
252812 11:59:20 open("/etc/ld.so.cache", O_RDONLY) = 3 <0.000027>
252812 11:59:20 open("/usr/lib64/libMagickWand.so.5", O_RDONLY) = 3 <0.000024>
252812 11:59:20 open("/usr/local/lib64/libMagickCore.so.5", O_RDONLY) = -1 ENOENT (No such file or directory) <0.000024>
252812 11:59:20 open("/usr/lib64/libMagickCore.so.5", O_RDONLY) = 3 <0.000023>
252812 11:59:20 open("/usr/local/lib64/liblcms.so.1", O_RDONLY) = -1 ENOENT (No such file or directory) <0.000022>
252812 11:59:20 open("/usr/lib64/liblcms.so.1", O_RDONLY) = 3 <0.000022>
252812 11:59:20 open("/usr/local/lib64/libtiff.so.3", O_RDONLY) = -1 ENOENT (No such file or directory) <0.000020>
252812 11:59:20 open("/usr/lib64/libtiff.so.3", O_RDONLY) = 3 <0.000021>
252812 11:59:20 open("/usr/local/lib64/libfontconfig.so.1", O_RDONLY) = -1 ENOENT (No such file or directory) <0.000024>
252812 11:59:20 open("/usr/lib64/libfontconfig.so.1", O_RDONLY) = 3 <0.000023>
252812 11:59:20 open("/usr/local/lib64/libXext.so.6", O_RDONLY) = -1 ENOENT (No such file or directory) <0.000021>
252812 11:59:20 open("/usr/lib64/libXext.so.6", O_RDONLY) = 3 <0.000024>
252812 11:59:20 open("/usr/local/lib64/libXt.so.6", O_RDONLY) = -1 ENOENT (No such file or directory) <0.000028>
252812 11:59:20 open("/usr/lib64/libXt.so.6", O_RDONLY) = 3 <0.000031>
252812 11:59:20 open("/usr/local/lib64/libSM.so.6", O_RDONLY) = -1 ENOENT (No such file or directory) <0.000028>
252812 11:59:20 open("/usr/lib64/libSM.so.6", O_RDONLY) = 3 <0.000025>
252812 11:59:20 open("/usr/local/lib64/libICE.so.6", O_RDONLY) = -1 ENOENT (No such file or directory) <0.000020>
252812 11:59:20 open("/usr/lib64/libICE.so.6", O_RDONLY) = 3 <0.000022>
252812 11:59:20 open("/usr/local/lib64/libX11.so.6", O_RDONLY) = -1 ENOENT (No such file or directory) <0.000020>
252812 11:59:20 open("/usr/lib64/libX11.so.6", O_RDONLY) = 3 <0.000025>
252812 11:59:20 open("/usr/local/lib64/libgomp.so.1", O_RDONLY) = -1 ENOENT (No such file or directory) <0.000027>
252812 11:59:20 open("/usr/lib64/libgomp.so.1", O_RDONLY) = 3 <0.000029>
252812 11:59:20 open("/usr/local/lib64/libexpat.so.1", O_RDONLY) = -1 ENOENT (No such file or directory) <0.000020>
252812 11:59:20 open("/lib64/libexpat.so.1", O_RDONLY) = 3 <0.000024>
252812 11:59:20 open("/usr/local/lib64/libuuid.so.1", O_RDONLY) = -1 ENOENT (No such file or directory) <0.000041>
252812 11:59:20 open("/lib64/libuuid.so.1", O_RDONLY) = 3 <0.000038>
252812 11:59:20 open("/usr/local/lib64/libxcb.so.1", O_RDONLY) = -1 ENOENT (No such file or directory) <0.000029>
252812 11:59:20 open("/usr/lib64/libxcb.so.1", O_RDONLY) = 3 <0.000020>
252812 11:59:20 open("/usr/local/lib64/libXau.so.6", O_RDONLY) = -1 ENOENT (No such file or directory) <0.000021>
252812 11:59:20 open("/usr/lib64/libXau.so.6", O_RDONLY) = 3 <0.000026>
252812 11:59:20 open("/sys/devices/system/cpu", O_RDONLY|O_NONBLOCK|O_DIRECTORY|O_CLOEXEC) = 3 <0.000059>
252812 11:59:20 open("/opt/php56/lib/php/extensions/no-debug-non-zts-20131226/ixed.5.6.lin", O_RDONLY) = 3 <0.000027>
252812 11:59:20 open("/etc/locales.conf", O_RDONLY) = 3 <0.000040>
252812 11:59:20 open("/sys/devices/system/cpu", O_RDONLY|O_NONBLOCK|O_DIRECTORY|O_CLOEXEC) = 3 <0.000030>
252812 11:59:20 sendto(3, "\2\0\0\0\22\0\0\0\t\0\0\0services\0", 21, MSG_NOSIGNAL, NULL, 0) = 21 <0.000021>
252812 11:59:20 sendto(3, "\2\0\0\0\20\0\0\0\n\0\0\0mysql/tcp\0", 22, MSG_NOSIGNAL, NULL, 0) = 22 <0.000021>
252812 11:59:20 open("/etc/nsswitch.conf", O_RDONLY|O_CLOEXEC) = 3 <0.000021>
252812 11:59:20 open("/usr/local/lib64/libnss_files.so.2", O_RDONLY) = -1 ENOENT (No such file or directory) <0.000026>
252812 11:59:20 open("/etc/ld.so.cache", O_RDONLY) = 3 <0.000021>
252812 11:59:20 open("/lib64/libnss_files.so.2", O_RDONLY) = 3 <0.000022>
252812 11:59:20 open("/etc/services", O_RDONLY|O_CLOEXEC) = 3 <0.000022>
252812 11:59:20 sendto(3, "\2\0\0\0\r\0\0\0\6\0\0\0hosts\0", 18, MSG_NOSIGNAL, NULL, 0) = 18 <0.000023>
252812 11:59:20 open("/etc/krb5.conf", O_RDONLY) = 3 <0.000021>
252812 11:59:20 open("/dev/urandom", O_RDONLY) = 3 <0.000024>
252812 11:59:20 open("/dev/urandom", O_RDONLY) = 3 <0.000018>
252812 11:59:20 open("/etc/krb5.keytab", O_RDONLY) = -1 ENOENT (No such file or directory) <0.000019>
252812 11:59:20 access("/opt/php56/bin/php-cgi", F_OK) = 0 <0.000025>
252812 11:59:20 open("/proc/meminfo", O_RDONLY|O_CLOEXEC) = 3 <0.000034>
252812 11:59:20 open("/usr/share/ImageMagick-6.7.6/policy.xml", O_RDONLY) = -1 ENOENT (No such file or directory) <0.000026>
252812 11:59:20 open("/usr/lib64/ImageMagick-6.7.6/config/policy.xml", O_RDONLY) = -1 ENOENT (No such file or directory) <0.000020>
252812 11:59:20 open("/etc/ImageMagick/policy.xml", O_RDONLY) = 3 <0.000023>
252812 11:59:20 open("/usr/share/doc/ImageMagick-6.7.6/policy.xml", O_RDONLY) = -1 ENOENT (No such file or directory) <0.000020>
252812 11:59:20 open("/home1/gz89f3do/.magick/policy.xml", O_RDONLY) = -1 ENOENT (No such file or directory) <0.000049>
252812 11:59:20 open("/home1/gz89f3do/public_html/sign-in.php", O_RDONLY) = 3 <0.000030>
252812 11:59:20 open("/home1/gz89f3do/public_html/common.php", O_RDONLY) = 3 <0.000023>
252812 11:59:20 open("/home1/gz89f3do/public_html/xninjaoncall.lic", O_RDONLY) = 4 <0.000023>
252812 11:59:20 open("error_log", O_WRONLY|O_CREAT|O_APPEND, 0644) = 4 <0.000042>
252812 11:59:20 open("/usr/share/zoneinfo/", O_RDONLY|O_NONBLOCK|O_DIRECTORY|O_CLOEXEC) = 5 <0.000033>
252812 11:59:20 open("/usr/share/zoneinfo/Africa", O_RDONLY|O_NONBLOCK|O_DIRECTORY|O_CLOEXEC) = 5 <0.000024>
252812 11:59:20 open("/usr/share/zoneinfo/America", O_RDONLY|O_NONBLOCK|O_DIRECTORY|O_CLOEXEC) = 5 <0.000025>
252812 11:59:20 open("/proc/meminfo", O_RDONLY|O_CLOEXEC) = 6 <0.000042>
252812 11:59:20 open("/usr/share/zoneinfo/America/Argentina", O_RDONLY|O_NONBLOCK|O_DIRECTORY|O_CLOEXEC) = 5 <0.000026>
252812 11:59:20 open("/usr/share/zoneinfo/America/Indiana", O_RDONLY|O_NONBLOCK|O_DIRECTORY|O_CLOEXEC) = 5 <0.000019>
252812 11:59:20 open("/usr/share/zoneinfo/America/Kentucky", O_RDONLY|O_NONBLOCK|O_DIRECTORY|O_CLOEXEC) = 5 <0.000019>
252812 11:59:20 open("/usr/share/zoneinfo/America/North_Dakota", O_RDONLY|O_NONBLOCK|O_DIRECTORY|O_CLOEXEC) = 5 <0.000018>
252812 11:59:20 open("/usr/share/zoneinfo/Antarctica", O_RDONLY|O_NONBLOCK|O_DIRECTORY|O_CLOEXEC) = 5 <0.000018>
252812 11:59:20 open("/usr/share/zoneinfo/Arctic", O_RDONLY|O_NONBLOCK|O_DIRECTORY|O_CLOEXEC) = 5 <0.000056>
252812 11:59:20 open("/usr/share/zoneinfo/Asia", O_RDONLY|O_NONBLOCK|O_DIRECTORY|O_CLOEXEC) = 5 <0.000019>
252812 11:59:20 open("/usr/share/zoneinfo/Atlantic", O_RDONLY|O_NONBLOCK|O_DIRECTORY|O_CLOEXEC) = 5 <0.000021>
252812 11:59:20 open("/usr/share/zoneinfo/Australia", O_RDONLY|O_NONBLOCK|O_DIRECTORY|O_CLOEXEC) = 5 <0.000019>
252812 11:59:20 open("/usr/share/zoneinfo/Brazil", O_RDONLY|O_NONBLOCK|O_DIRECTORY|O_CLOEXEC) = 5 <0.000020>
252812 11:59:20 open("/usr/share/zoneinfo/Canada", O_RDONLY|O_NONBLOCK|O_DIRECTORY|O_CLOEXEC) = 5 <0.000019>
252812 11:59:20 open("/usr/share/zoneinfo/Chile", O_RDONLY|O_NONBLOCK|O_DIRECTORY|O_CLOEXEC) = 5 <0.000021>
252812 11:59:20 open("/usr/share/zoneinfo/Etc", O_RDONLY|O_NONBLOCK|O_DIRECTORY|O_CLOEXEC) = 5 <0.000026>
252812 11:59:20 open("/usr/share/zoneinfo/Europe", O_RDONLY|O_NONBLOCK|O_DIRECTORY|O_CLOEXEC) = 5 <0.000020>
252812 11:59:20 open("/usr/share/zoneinfo/Indian", O_RDONLY|O_NONBLOCK|O_DIRECTORY|O_CLOEXEC) = 5 <0.000022>
252812 11:59:20 open("/usr/share/zoneinfo/Mexico", O_RDONLY|O_NONBLOCK|O_DIRECTORY|O_CLOEXEC) = 5 <0.000018>
252812 11:59:20 open("/usr/share/zoneinfo/Pacific", O_RDONLY|O_NONBLOCK|O_DIRECTORY|O_CLOEXEC) = 5 <0.000018>
252812 11:59:20 open("/usr/share/zoneinfo/US", O_RDONLY|O_NONBLOCK|O_DIRECTORY|O_CLOEXEC) = 5 <0.000019>
252812 11:59:20 open("/usr/share/zoneinfo/zone.tab", O_RDONLY) = 5 <0.000021>
252812 11:59:20 open("/usr/share/zoneinfo/America/Chicago", O_RDONLY) = 5 <0.000023>
252812 11:59:20 +++ exited with 255 +++
